c:\users\ayron\desktop\cwiczenie 2.1\mlp\mlp\debug\mlp.pch
c:\users\ayron\desktop\cwiczenie 2.1\mlp\mlp\debug\vc140.pdb
c:\users\ayron\desktop\cwiczenie 2.1\mlp\mlp\debug\vc140.idb
c:\users\ayron\desktop\cwiczenie 2.1\mlp\mlp\debug\stdafx.obj
c:\users\ayron\desktop\cwiczenie 2.1\mlp\mlp\debug\calculations.obj
c:\users\ayron\desktop\cwiczenie 2.1\mlp\mlp\debug\filemanager.obj
c:\users\ayron\desktop\cwiczenie 2.1\mlp\mlp\debug\gnuplotmanager.obj
c:\users\ayron\desktop\cwiczenie 2.1\mlp\mlp\debug\layer.obj
c:\users\ayron\desktop\cwiczenie 2.1\mlp\mlp\debug\main.obj
c:\users\ayron\desktop\cwiczenie 2.1\mlp\mlp\debug\network.obj
c:\users\ayron\desktop\cwiczenie 2.1\mlp\mlp\debug\neuron.obj
c:\users\ayron\desktop\cwiczenie 2.1\mlp\debug\mlp.ilk
c:\users\ayron\desktop\cwiczenie 2.1\mlp\debug\mlp.exe
c:\users\ayron\desktop\cwiczenie 2.1\mlp\debug\mlp.pdb
c:\users\ayron\desktop\cwiczenie 2.1\mlp\mlp\debug\mlp.tlog\cl.command.1.tlog
c:\users\ayron\desktop\cwiczenie 2.1\mlp\mlp\debug\mlp.tlog\cl.read.1.tlog
c:\users\ayron\desktop\cwiczenie 2.1\mlp\mlp\debug\mlp.tlog\cl.write.1.tlog
c:\users\ayron\desktop\cwiczenie 2.1\mlp\mlp\debug\mlp.tlog\link.command.1.tlog
c:\users\ayron\desktop\cwiczenie 2.1\mlp\mlp\debug\mlp.tlog\link.read.1.tlog
c:\users\ayron\desktop\cwiczenie 2.1\mlp\mlp\debug\mlp.tlog\link.write.1.tlog
