f:\studia\sem v\sise_perceptron\mlp\x64\release\mlp.pch
f:\studia\sem v\sise_perceptron\mlp\x64\release\vc141.pdb
f:\studia\sem v\sise_perceptron\mlp\x64\release\stdafx.obj
f:\studia\sem v\sise_perceptron\mlp\x64\release\statystyka.obj
f:\studia\sem v\sise_perceptron\mlp\x64\release\neuron.obj
f:\studia\sem v\sise_perceptron\mlp\x64\release\network.obj
f:\studia\sem v\sise_perceptron\mlp\x64\release\main.obj
f:\studia\sem v\sise_perceptron\mlp\x64\release\layer.obj
f:\studia\sem v\sise_perceptron\mlp\x64\release\gnuplotmanager.obj
f:\studia\sem v\sise_perceptron\mlp\x64\release\filemanager.obj
f:\studia\sem v\sise_perceptron\mlp\x64\release\calculations.obj
f:\studia\sem v\sise_perceptron\x64\release\mlp.ipdb
f:\studia\sem v\sise_perceptron\x64\release\mlp.iobj
f:\studia\sem v\sise_perceptron\x64\release\mlp.pdb
f:\studia\sem v\sise_perceptron\mlp\x64\release\mlp.tlog\cl.command.1.tlog
f:\studia\sem v\sise_perceptron\mlp\x64\release\mlp.tlog\cl.read.1.tlog
f:\studia\sem v\sise_perceptron\mlp\x64\release\mlp.tlog\cl.write.1.tlog
f:\studia\sem v\sise_perceptron\mlp\x64\release\mlp.tlog\link-cvtres.read.1.tlog
f:\studia\sem v\sise_perceptron\mlp\x64\release\mlp.tlog\link-cvtres.write.1.tlog
f:\studia\sem v\sise_perceptron\mlp\x64\release\mlp.tlog\link-rc.read.1.tlog
f:\studia\sem v\sise_perceptron\mlp\x64\release\mlp.tlog\link-rc.write.1.tlog
f:\studia\sem v\sise_perceptron\mlp\x64\release\mlp.tlog\link.command.1.tlog
f:\studia\sem v\sise_perceptron\mlp\x64\release\mlp.tlog\link.read.1.tlog
f:\studia\sem v\sise_perceptron\mlp\x64\release\mlp.tlog\link.write.1.tlog
f:\studia\sem v\sise_perceptron\mlp\x64\release\mlp.tlog\mlp.write.1u.tlog
