d:\onedrive\share\sem iv\inteligentna analiza danych\zadanie 3\final\mlp\mlp\x64\debug\mlp.pch
d:\onedrive\share\sem iv\inteligentna analiza danych\zadanie 3\final\mlp\mlp\x64\debug\vc141.pdb
d:\onedrive\share\sem iv\inteligentna analiza danych\zadanie 3\final\mlp\mlp\x64\debug\vc141.idb
d:\onedrive\share\sem iv\inteligentna analiza danych\zadanie 3\final\mlp\mlp\x64\debug\stdafx.obj
d:\onedrive\share\sem iv\inteligentna analiza danych\zadanie 3\final\mlp\mlp\x64\debug\calculations.obj
d:\onedrive\share\sem iv\inteligentna analiza danych\zadanie 3\final\mlp\mlp\x64\debug\filemanager.obj
d:\onedrive\share\sem iv\inteligentna analiza danych\zadanie 3\final\mlp\mlp\x64\debug\gnuplotmanager.obj
d:\onedrive\share\sem iv\inteligentna analiza danych\zadanie 3\final\mlp\mlp\x64\debug\layer.obj
d:\onedrive\share\sem iv\inteligentna analiza danych\zadanie 3\final\mlp\mlp\x64\debug\main.obj
d:\onedrive\share\sem iv\inteligentna analiza danych\zadanie 3\final\mlp\mlp\x64\debug\network.obj
d:\onedrive\share\sem iv\inteligentna analiza danych\zadanie 3\final\mlp\mlp\x64\debug\neuron.obj
d:\onedrive\share\sem iv\inteligentna analiza danych\zadanie 3\final\mlp\mlp\x64\debug\statystyka.obj
d:\onedrive\share\sem iv\inteligentna analiza danych\zadanie 3\final\mlp\x64\debug\mlp.ilk
d:\onedrive\share\sem iv\inteligentna analiza danych\zadanie 3\final\mlp\x64\debug\mlp.exe
d:\onedrive\share\sem iv\inteligentna analiza danych\zadanie 3\final\mlp\x64\debug\mlp.pdb
d:\onedrive\share\sem iv\inteligentna analiza danych\zadanie 3\final\mlp\mlp\x64\debug\mlp.tlog\cl.command.1.tlog
d:\onedrive\share\sem iv\inteligentna analiza danych\zadanie 3\final\mlp\mlp\x64\debug\mlp.tlog\cl.read.1.tlog
d:\onedrive\share\sem iv\inteligentna analiza danych\zadanie 3\final\mlp\mlp\x64\debug\mlp.tlog\cl.write.1.tlog
d:\onedrive\share\sem iv\inteligentna analiza danych\zadanie 3\final\mlp\mlp\x64\debug\mlp.tlog\link.command.1.tlog
d:\onedrive\share\sem iv\inteligentna analiza danych\zadanie 3\final\mlp\mlp\x64\debug\mlp.tlog\link.read.1.tlog
d:\onedrive\share\sem iv\inteligentna analiza danych\zadanie 3\final\mlp\mlp\x64\debug\mlp.tlog\link.write.1.tlog
